{
  "stats": {
    "suites": 1,
    "tests": 2,
    "passes": 2,
    "pending": 0,
    "failures": 0,
    "start": "2021-12-08T04:49:40.528Z",
    "end": "2021-12-08T04:50:06.221Z",
    "duration": 25693,
    "testsRegistered": 2,
    "passPercent": 100,
    "pendingPercent": 0,
    "other": 0,
    "hasOther": false,
    "skipped": 0,
    "hasSkipped": false
  },
  "results": [
    {
      "uuid": "1eec142d-3689-4359-a319-2e86a99fad1c",
      "title": "",
      "fullFile": "cypress/integration/cadastro.spec.js",
      "file": "cypress/integration/cadastro.spec.js",
      "beforeHooks": [],
      "afterHooks": [],
      "tests": [],
      "suites": [
        {
          "uuid": "d3055547-f066-4aba-918e-b5dad6b4721a",
          "title": "User registration in the Thunders application",
          "fullFile": "",
          "file": "",
          "beforeHooks": [],
          "afterHooks": [],
          "tests": [
            {
              "title": "When I enter the data and finish, then registration must be done",
              "fullTitle": "User registration in the Thunders application When I enter the data and finish, then registration must be done",
              "timedOut": null,
              "duration": 19508,
              "state": "passed",
              "speed": "slow",
              "pass": true,
              "fail": false,
              "pending": false,
              "context": null,
              "code": "cy.registrationUser();",
              "err": {},
              "uuid": "8ef446b6-5765-4f61-8123-e6af4b78a961",
              "parentUUID": "d3055547-f066-4aba-918e-b5dad6b4721a",
              "isHook": false,
              "skipped": false
            },
            {
              "title": "When I enter login and password, I must log into the application",
              "fullTitle": "User registration in the Thunders application When I enter login and password, I must log into the application",
              "timedOut": null,
              "duration": 6021,
              "state": "passed",
              "speed": "medium",
              "pass": true,
              "fail": false,
              "pending": false,
              "context": null,
              "code": "cy.login();",
              "err": {},
              "uuid": "f2ba93f7-56fa-4574-a645-6cb458e5e54c",
              "parentUUID": "d3055547-f066-4aba-918e-b5dad6b4721a",
              "isHook": false,
              "skipped": false
            }
          ],
          "suites": [],
          "passes": [
            "8ef446b6-5765-4f61-8123-e6af4b78a961",
            "f2ba93f7-56fa-4574-a645-6cb458e5e54c"
          ],
          "failures": [],
          "pending": [],
          "skipped": [],
          "duration": 25529,
          "root": false,
          "rootEmpty": false,
          "_timeout": 2000
        }
      ],
      "passes": [],
      "failures": [],
      "pending": [],
      "skipped": [],
      "duration": 0,
      "root": true,
      "rootEmpty": true,
      "_timeout": 2000
    }
  ],
  "meta": {
    "mocha": {
      "version": "7.0.1"
    },
    "mochawesome": {
      "options": {
        "quiet": true,
        "reportFilename": "mochawesome",
        "saveHtml": false,
        "saveJson": true,
        "consoleReporter": "spec",
        "useInlineDiffs": false,
        "code": true
      },
      "version": "7.0.1"
    },
    "marge": {
      "options": {
        "id": "default",
        "reportDir": "mochawesome-report",
        "quiet": true,
        "overwrite": false,
        "html": false,
        "json": true
      },
      "version": "6.0.1"
    }
  }
}