{
  "stats": {
    "suites": 1,
    "tests": 2,
    "passes": 0,
    "pending": 0,
    "failures": 2,
    "start": "2021-12-08T04:19:36.160Z",
    "end": "2021-12-08T04:20:48.477Z",
    "duration": 72317,
    "testsRegistered": 2,
    "passPercent": 0,
    "pendingPercent": 0,
    "other": 0,
    "hasOther": false,
    "skipped": 0,
    "hasSkipped": false
  },
  "results": [
    {
      "uuid": "868b8781-0bb8-4fdb-abc5-207a4397bc7a",
      "title": "",
      "fullFile": "cypress/integration/cadastro.spec.js",
      "file": "cypress/integration/cadastro.spec.js",
      "beforeHooks": [],
      "afterHooks": [],
      "tests": [],
      "suites": [
        {
          "uuid": "c0a3be93-9372-45e6-8074-b5d13131f973",
          "title": "User registration in the Thunders application",
          "fullFile": "",
          "file": "",
          "beforeHooks": [],
          "afterHooks": [],
          "tests": [
            {
              "title": "When I enter the data and finish, then registration must be done",
              "fullTitle": "User registration in the Thunders application When I enter the data and finish, then registration must be done",
              "timedOut": null,
              "duration": 32013,
              "state": "failed",
              "speed": null,
              "pass": false,
              "fail": true,
              "pending": false,
              "context": null,
              "code": "cy.registrationUser();",
              "err": {
                "message": "AssertionError: Timed out retrying after 4000ms: Expected to find element: `input#id_gender1`, but never found it.",
                "estack": "AssertionError: Timed out retrying after 4000ms: Expected to find element: `input#id_gender1`, but never found it.\n    at Context.eval (http://automationpractice.com/__cypress/tests?p=cypress/support/index.js:2232:30)",
                "diff": null
              },
              "uuid": "4755d31b-cb72-4cb7-9f9a-5fb3fe49878b",
              "parentUUID": "c0a3be93-9372-45e6-8074-b5d13131f973",
              "isHook": false,
              "skipped": false
            },
            {
              "title": "When I enter login and password, I must log into the application",
              "fullTitle": "User registration in the Thunders application When I enter login and password, I must log into the application",
              "timedOut": null,
              "duration": 39913,
              "state": "failed",
              "speed": null,
              "pass": false,
              "fail": true,
              "pending": false,
              "context": null,
              "code": "cy.login();",
              "err": {
                "message": "AssertionError: Timed out retrying after 4000ms: Expected to find element: `p.info-account`, but never found it.",
                "estack": "AssertionError: Timed out retrying after 4000ms: Expected to find element: `p.info-account`, but never found it.\n    at Context.eval (http://automationpractice.com/__cypress/tests?p=cypress/support/index.js:2268:28)",
                "diff": null
              },
              "uuid": "1f845ed6-0e52-477b-864c-1f36f382146e",
              "parentUUID": "c0a3be93-9372-45e6-8074-b5d13131f973",
              "isHook": false,
              "skipped": false
            }
          ],
          "suites": [],
          "passes": [],
          "failures": [
            "4755d31b-cb72-4cb7-9f9a-5fb3fe49878b",
            "1f845ed6-0e52-477b-864c-1f36f382146e"
          ],
          "pending": [],
          "skipped": [],
          "duration": 71926,
          "root": false,
          "rootEmpty": false,
          "_timeout": 2000
        }
      ],
      "passes": [],
      "failures": [],
      "pending": [],
      "skipped": [],
      "duration": 0,
      "root": true,
      "rootEmpty": true,
      "_timeout": 2000
    }
  ],
  "meta": {
    "mocha": {
      "version": "7.0.1"
    },
    "mochawesome": {
      "options": {
        "quiet": true,
        "reportFilename": "mochawesome",
        "saveHtml": false,
        "saveJson": true,
        "consoleReporter": "spec",
        "useInlineDiffs": false,
        "code": true
      },
      "version": "7.0.1"
    },
    "marge": {
      "options": {
        "id": "default",
        "reportDir": "mochawesome-report",
        "quiet": true,
        "overwrite": false,
        "html": false,
        "json": true
      },
      "version": "6.0.1"
    }
  }
}